  Client.cpp
  ConnectToServer.cpp
  Console.cpp
C:\Users\chris\OneDrive\Dokument\GitHub\Network_Lab4\Client\Console\Console\Console.cpp(103,27): warning C4018: '<': signed/unsigned mismatch
  FromGui.cpp
C:\Users\chris\OneDrive\Dokument\GitHub\Network_Lab4\Client\Console\Console\FromGui.cpp(63,21): warning C4018: '<': signed/unsigned mismatch
C:\Users\chris\OneDrive\Dokument\GitHub\Network_Lab4\Client\Console\Console\FromGui.cpp(73,22): warning C4018: '<': signed/unsigned mismatch
C:\Users\chris\OneDrive\Dokument\GitHub\Network_Lab4\Client\Console\Console\FromGui.cpp(82,22): warning C4018: '<': signed/unsigned mismatch
C:\Users\chris\OneDrive\Dokument\GitHub\Network_Lab4\Client\Console\Console\FromGui.cpp(91,22): warning C4018: '<': signed/unsigned mismatch
C:\Users\chris\OneDrive\Dokument\GitHub\Network_Lab4\Client\Console\Console\FromGui.cpp(100,22): warning C4018: '<': signed/unsigned mismatch
  ReaderThread.cpp
C:\Users\chris\OneDrive\Dokument\GitHub\Network_Lab4\Client\Console\Console\ReaderThread.cpp(60,43): warning C4018: '<': signed/unsigned mismatch
C:\Users\chris\OneDrive\Dokument\GitHub\Network_Lab4\Client\Console\Console\ReaderThread.cpp(89,39): warning C4018: '<': signed/unsigned mismatch
C:\Users\chris\OneDrive\Dokument\GitHub\Network_Lab4\Client\Console\Console\ReaderThread.cpp(110,39): warning C4018: '<': signed/unsigned mismatch
C:\Users\chris\OneDrive\Dokument\GitHub\Network_Lab4\Client\Console\Console\ReaderThread.cpp(122,35): warning C4018: '<': signed/unsigned mismatch
  ToGui.cpp
C:\Users\chris\OneDrive\Dokument\GitHub\Network_Lab4\Client\Console\Console\ToGui.cpp(16,10): warning C4101: 'SendBuf': unreferenced local variable
C:\Users\chris\OneDrive\Dokument\GitHub\Network_Lab4\Client\Console\Console\ToGui.cpp(45,24): warning C4838: conversion from 'int' to 'char' requires a narrowing conversion
C:\Users\chris\OneDrive\Dokument\GitHub\Network_Lab4\Client\Console\Console\ToGui.cpp(45,27): warning C4838: conversion from 'int' to 'char' requires a narrowing conversion
C:\Users\chris\OneDrive\Dokument\GitHub\Network_Lab4\Client\Console\Console\ToGui.cpp(45,30): warning C4838: conversion from 'int' to 'char' requires a narrowing conversion
C:\Users\chris\OneDrive\Dokument\GitHub\Network_Lab4\Client\Console\Console\ToGui.cpp(75,31): warning C4018: '<': signed/unsigned mismatch
  WriterThread.cpp
  Generating Code...
C:\Users\chris\OneDrive\Dokument\GitHub\Network_Lab4\Client\Console\Console\ConnectToServer.cpp(64): warning C4715: 'ConnectToServer::setupConnection': not all control paths return a value
  LINK : C:\Users\chris\OneDrive\Dokument\GitHub\Network_Lab4\Client\Console\Debug\Console.exe not found or not built by the last incremental link; performing full link
  Console.vcxproj -> C:\Users\chris\OneDrive\Dokument\GitHub\Network_Lab4\Client\Console\Debug\Console.exe
